<?xml version="1.0" encoding="UTF-8"?>
<!-- Generated by org.testng.reporters.JUnitReportReporter -->
<testsuite skipped="0" hostname="ameera-jayakumar-m" name="TestTabsPopups" tests="1" failures="0" timestamp="2020-08-27T21:37:58 IST" time="23.201" errors="0">
  <testcase name="test" time="23.201" classname="TestTabsPopups"/>
  <system-out/>
</testsuite> <!-- TestTabsPopups -->
